Arguments: 
  /Users/jeong/.nvm/versions/node/v14.17.3/bin/node /Users/jeong/.nvm/versions/node/v14.17.3/bin/yarn init

PATH: 
  /Users/jeong/.nvm/versions/node/v14.17.3/bin:/opt/homebrew/bin:/opt/homebrew/sbin:/usr/local/bin:/usr/bin:/bin:/usr/sbin:/sbin:/Users/jeong/.nvm/versions/node/v14.17.3/bin:/opt/homebrew/bin:/opt/homebrew/sbin

Yarn version: 
  1.22.17

Node version: 
  14.17.3

Platform: 
  darwin x64

Trace: 
  Error: canceled
      at Interface.<anonymous> (/Users/jeong/.nvm/versions/node/v14.17.3/lib/node_modules/yarn/lib/cli.js:137143:13)
      at Interface.emit (events.js:375:28)
      at Interface._ttyWrite (readline.js:910:16)
      at ReadStream.onkeypress (readline.js:235:10)
      at ReadStream.emit (events.js:375:28)
      at emitKeys (internal/readline/utils.js:358:14)
      at emitKeys.next (<anonymous>)
      at ReadStream.onData (readline.js:1179:36)
      at ReadStream.emit (events.js:375:28)
      at addChunk (internal/streams/readable.js:290:12)

npm manifest: 
  {
    "name": "nest-app",
    "version": "0.0.1",
    "description": "",
    "author": "",
    "private": true,
    "license": "UNLICENSED",
    "scripts": {
      "prebuild": "rimraf dist",
      "build": "nest build",
      "format": "prettier --write \"src/**/*.ts\" \"test/**/*.ts\"",
      "start": "nest start",
      "start:dev": "nest start --watch",
      "start:debug": "nest start --debug --watch",
      "start:prod": "node dist/main",
      "lint": "eslint \"{src,apps,libs,test}/**/*.ts\" --fix",
      "test": "jest",
      "test:watch": "jest --watch",
      "test:cov": "jest --coverage",
      "test:debug": "node --inspect-brk -r tsconfig-paths/register -r ts-node/register node_modules/.bin/jest --runInBand",
      "test:e2e": "jest --config ./test/jest-e2e.json"
    },
    "dependencies": {
      "@nestjs/common": "^8.0.0",
      "@nestjs/core": "^8.0.0",
      "@nestjs/platform-express": "^8.0.0",
      "reflect-metadata": "^0.1.13",
      "rimraf": "^3.0.2",
      "rxjs": "^7.2.0"
    },
    "devDependencies": {
      "@nestjs/cli": "^8.0.0",
      "@nestjs/schematics": "^8.0.0",
      "@nestjs/testing": "^8.0.0",
      "@types/express": "^4.17.13",
      "@types/jest": "27.4.1",
      "@types/node": "^16.0.0",
      "@types/supertest": "^2.0.11",
      "@typescript-eslint/eslint-plugin": "^5.0.0",
      "@typescript-eslint/parser": "^5.0.0",
      "eslint": "^8.0.1",
      "eslint-config-prettier": "^8.3.0",
      "eslint-plugin-prettier": "^4.0.0",
      "jest": "^27.2.5",
      "prettier": "^2.3.2",
      "source-map-support": "^0.5.20",
      "supertest": "^6.1.3",
      "ts-jest": "^27.0.3",
      "ts-loader": "^9.2.3",
      "ts-node": "^10.0.0",
      "tsconfig-paths": "^3.10.1",
      "typescript": "^4.3.5"
    },
    "jest": {
      "moduleFileExtensions": [
        "js",
        "json",
        "ts"
      ],
      "rootDir": "src",
      "testRegex": ".*\\.spec\\.ts$",
      "transform": {
        "^.+\\.(t|j)s$": "ts-jest"
      },
      "collectCoverageFrom": [
        "**/*.(t|j)s"
      ],
      "coverageDirectory": "../coverage",
      "testEnvironment": "node"
    }
  }

yarn manifest: 
  No manifest

Lockfile: 
  No lockfile
